[2014-04-01 18:18:05] Fehler beim Abholen von http://www.shredzone.de/cilla/feed/category/2/linux.xml: nicht unterstütztes Feed-Format
[2014-04-01 18:18:05] Fehler beim Abholen von http://www.sport1.de/de_1/basketball/rss.xml: nicht unterstütztes Feed-Format
[2014-04-01 18:18:05] Fehler beim Abholen von http://www.sport1.de/de_1/fussball/fussball_championsleague/rss.xml: nicht unterstütztes Feed-Format
[2014-04-01 18:18:05] Fehler beim Abholen von http://www.marketing.wiwi.uni-due.de/rss/: nicht unterstütztes Feed-Format
[2014-04-01 18:18:05] Fehler beim Abholen von http://www.tradac.de/wordpress/?feed=rss2: nicht unterstütztes Feed-Format
[2014-04-01 18:18:05] Fehler beim Abholen von http://www.oek.wiwi.uni-due.de/rss/: nicht unterstütztes Feed-Format
[2014-04-01 18:18:05] Fehler beim Abholen von http://www.heise.de/newsticker/heise-atom.xml: nicht unterstütztes Feed-Format
[2014-04-01 18:18:05] Fehler beim Abholen von http://www.ewl.wiwi.uni-due.de/rss/: nicht unterstütztes Feed-Format
[2014-04-01 18:18:05] Fehler beim Abholen von http://www.makro.wiwi.uni-due.de/rss/: nicht unterstütztes Feed-Format
[2014-04-01 18:18:06] Fehler beim Abholen von http://www.daserste.de/podcasts/mam_dyn~id,791~titel-thesen-temperamente.xml: nicht unterstütztes Feed-Format
[2014-04-01 18:18:06] Fehler beim Abholen von http://www.mikro.wiwi.uni-due.de/rss/: nicht unterstütztes Feed-Format
[2014-04-01 18:18:06] Fehler beim Abholen von http://www.fiba.wiwi.uni-due.de/rss/: nicht unterstütztes Feed-Format
[2014-04-01 18:18:06] Fehler beim Abholen von http://www.wiwi.uni-due.de/rss/: nicht unterstütztes Feed-Format
[2014-04-01 18:18:06] Fehler beim Abholen von http://www.lef.wiwi.uni-due.de/rss/: nicht unterstütztes Feed-Format
[2014-04-01 18:18:06] Fehler beim Abholen von http://www.fedora-blog.de/feed/: nicht unterstütztes Feed-Format
[2014-04-01 18:18:06] Fehler beim Abholen von http://www.spiegel.de/thema/botschaftsberichte_2010/index.rss: nicht unterstütztes Feed-Format
[2014-04-01 18:18:06] Fehler beim Abholen von http://www.spiegel.de/politik/ausland/index.rss: nicht unterstütztes Feed-Format
[2014-04-01 18:18:06] Fehler beim Abholen von http://linuxundich.de/de/feed/: nicht unterstütztes Feed-Format
[2014-04-01 18:18:06] Fehler beim Abholen von view-source://http%3A//rss.golem.de/rss.php?feed=RSS1.0&ms=linux: Fehler: nicht unterstützte URL: view-source:http://rss.golem.de/rss.php?feed=RSS1.0&ms=linux
[2014-04-01 18:18:06] Fehler beim Abholen von http://www.spiegel.de/thema/national_basketball_association/index.rss: nicht unterstütztes Feed-Format
[2014-04-01 18:18:06] Fehler beim Abholen von http://www.spiegel.de/thema/basketball_em_2011/index.rss: nicht unterstütztes Feed-Format
[2014-04-01 18:18:07] Fehler beim Abholen von http://matheraum.de/searchblockrss?id=-3&u=66503: nicht unterstütztes Feed-Format
[2014-04-01 18:18:07] Fehler beim Abholen von http://rss.golem.de/rss.php?feed=RSS1.0: nicht unterstütztes Feed-Format
[2014-04-01 18:18:07] Fehler beim Abholen von http://www.code-naschen.de/feeds/posts/default: nicht unterstütztes Feed-Format
[2014-04-01 18:18:07] Fehler beim Abholen von http://www.bochum.de/RSSNews.xml: nicht unterstütztes Feed-Format
[2014-04-01 18:18:07] Fehler beim Abholen von http://moodle.uni-duisburg-essen.de/rss/file.php/676/8252/forum/2804/rss.xml: nicht unterstütztes Feed-Format
[2014-04-01 18:18:07] Fehler beim Abholen von http://www.linux-magazin.de/rss/feed/news: nicht unterstütztes Feed-Format
[2014-04-01 18:18:08] Fehler beim Abholen von http://www.freiesmagazin.de/rss.xml: nicht unterstütztes Feed-Format
[2014-04-01 18:18:08] Fehler beim Abholen von http://blog.chip.de/chip-linux-blog/feed/: nicht unterstütztes Feed-Format
[2014-04-01 18:18:08] Fehler beim Abholen von http://www.ubuntu-user.de/rss/feed/news: nicht unterstütztes Feed-Format
[2014-04-01 18:18:08] Fehler beim Abholen von http://www.ubuntu-center.de/feed/: nicht unterstütztes Feed-Format
[2014-04-01 18:18:08] Fehler beim Abholen von http://fedorausers.de/?q=aggregator/rss/5: nicht unterstütztes Feed-Format
[2014-04-01 18:18:09] Fehler beim Abholen von http://rss.schuh-helden.de/feed.php?sizes=45,46: nicht unterstütztes Feed-Format
[2014-04-01 18:18:09] Fehler beim Abholen von http://forum.ubuntuusers.de/feeds/topic/farbe-der-dropdown-menues/title/20/: nicht unterstütztes Feed-Format
[2014-04-01 18:18:09] Fehler beim Abholen von http://duepublico.uni-duisburg-essen.de/servlets/DerivateServlet/Derivate-33698/index.msa?XSL.Style=rss: nicht unterstütztes Feed-Format
[2014-04-01 18:18:09] Fehler beim Abholen von http://www.gambaru.de/blog/?feed=rss2: nicht unterstütztes Feed-Format
[2014-04-01 18:18:09] Fehler beim Abholen von http://www.derwesten.de/staedte/bochum/rss: nicht unterstütztes Feed-Format
[2014-04-01 18:18:09] Fehler beim Abholen von http://www.pro-linux.de/backend/pro-linux.rdf: nicht unterstütztes Feed-Format
[2014-04-01 18:18:09] Fehler beim Abholen von http://api.groupon.de/feed/api/v1/deals/oftheday/DE/bochum: nicht unterstütztes Feed-Format
[2014-04-01 18:18:09] Fehler beim Abholen von http://www.linux-community.de/Ticker/news.rdf: nicht unterstütztes Feed-Format
[2014-04-01 18:18:09] Fehler beim Abholen von http://api.groupon.de/feed/api/v1/deals/oftheday/DE/ruhrgebiet-special: nicht unterstütztes Feed-Format
[2014-04-01 18:18:09] Fehler beim Abholen von http://www.webupd8.org/feeds/posts/default: nicht unterstütztes Feed-Format
[2014-04-01 18:18:10] Fehler beim Abholen von http://www.discounto.de/Discounter/get.rss20: nicht unterstütztes Feed-Format
[2014-04-01 18:18:10] Fehler beim Abholen von http://linuxconfig.org/?format=feed&type=rss: nicht unterstütztes Feed-Format
[2014-04-01 18:18:10] Fehler beim Abholen von http://www.chip.de/preisvergleich/rss.php?feed=beliebteste_produkte: nicht unterstütztes Feed-Format
[2014-04-01 18:18:10] Fehler beim Abholen von http://www.chip.de/rss/rss_mobilfunk.xml: nicht unterstütztes Feed-Format
[2014-04-01 18:18:10] Fehler beim Abholen von http://www.preisjaeger.de/technik/tv-video/feed/: nicht unterstütztes Feed-Format
[2014-04-01 18:18:10] Fehler beim Abholen von http://doctormo.org/feed/: nicht unterstütztes Feed-Format
[2014-04-01 18:18:10] Fehler beim Abholen von http://www.preisjaeger.de/technik/feed/: nicht unterstütztes Feed-Format
[2014-04-01 18:18:10] Fehler beim Abholen von http://meetthegimp.org/feed/: nicht unterstütztes Feed-Format
[2014-04-01 18:18:10] Fehler beim Abholen von http://news.billiger.de/feed: nicht unterstütztes Feed-Format
[2014-04-01 18:18:10] Fehler beim Abholen von http://www.linux-tips.org/rss: nicht unterstütztes Feed-Format
[2014-04-01 18:18:11] Fehler beim Abholen von http://rss.kicker.de/team/vflbochum: nicht unterstütztes Feed-Format
[2014-04-01 18:18:11] Fehler beim Abholen von http://rss.kicker.de/news/clnews: nicht unterstütztes Feed-Format
[2014-04-01 18:18:11] Fehler beim Abholen von http://rss.kicker.de/news/bundesliga: nicht unterstütztes Feed-Format
[2014-04-01 18:18:11] Fehler beim Abholen von http://fivefilters.org/content-only/makefulltextfeed.php?url=http%3A%2F%2Fcampino2k.de%2Fcategory%2Flinux%2Ffeed%2F&key=&max=4&links=preserve&submit=Create+Feed: nicht unterstütztes Feed-Format
[2014-04-01 18:18:11] Fehler beim Abholen von http://fivefilters.org/content-only/makefulltextfeed.php?url=http://feeds.feedburner.com/gimpusersde&key=&max=4&submit=Create+Feedhttp://fivefilters.org/content-only/makefulltextfeed.php?url=http://feeds.feedburner.com/gimpusersde&key=&max=4&submit=Create+Feed: nicht unterstütztes Feed-Format
[2014-04-01 18:18:11] Fehler beim Abholen von http://economic-observer.de/?feed=rss2: nicht unterstütztes Feed-Format
[2014-04-01 18:18:11] Fehler beim Abholen von http://fivefilters.org/content-only/makefulltextfeed.php?url=http%3A%2F%2Ffeeds.feedburner.com%2Fkarl-tux-stadt&key=&max=4&links=preserve&submit=Create+Feed: nicht unterstütztes Feed-Format
[2014-04-01 18:18:11] Fehler beim Abholen von http://www.sparwelt.de/rss.xml: nicht unterstütztes Feed-Format
[2014-04-01 18:18:11] Fehler beim Abholen von http://fivefilters.org/content-only/makefulltextfeed.php?url=http://lunduke.com/?feed=rss&key=&max=4&submit=Create+Feed: nicht unterstütztes Feed-Format
[2014-04-01 18:18:11] Fehler beim Abholen von http://www.n-tv.de/23.rss: nicht unterstütztes Feed-Format
[2014-04-01 18:18:11] Fehler beim Abholen von http://planet.banshee-project.org/atom.xml: nicht unterstütztes Feed-Format
[2014-04-01 18:18:12] Fehler beim Abholen von http://www.gutscheinpony.de/rss/neue-gutscheine.xml: nicht unterstütztes Feed-Format
[2014-04-01 18:18:12] Fehler beim Abholen von http://www.taz.de/rss.xml: nicht unterstütztes Feed-Format
[2014-04-01 18:18:12] Fehler beim Abholen von http://recruiting.giz.de/www/jobabo_rss.php?jobabo_code=d53359c41025a4d7f77fc8b13237c356&cu=gtz_www: nicht unterstütztes Feed-Format
[2014-04-01 18:18:12] Fehler beim Abholen von http://planet.fedoraproject.org/atom.xml: nicht unterstütztes Feed-Format
[2014-04-01 18:18:12] Fehler beim Abholen von http://netzpolitik.org/feed/: nicht unterstütztes Feed-Format
[2014-04-01 18:18:12] Fehler beim Abholen von http://feeds.arstechnica.com/arstechnica/open-source?format=xml: nicht unterstütztes Feed-Format
[2014-04-01 18:18:13] Fehler beim Abholen von http://my.opera.com/area42/xml/atom/blog/: nicht unterstütztes Feed-Format
[2014-04-01 18:18:13] Fehler beim Abholen von http://www.gutschein-finder.org/shops/zalando-gutschein-2/feed/: nicht unterstütztes Feed-Format
[2014-04-01 18:18:13] Fehler beim Abholen von http://mylinux.suzansworld.com/wp-atom.php: nicht unterstütztes Feed-Format
[2014-04-01 18:18:13] Fehler beim Abholen von http://fivefilters.org/content-only/makefulltextfeed.php?url=http://www.spox.com/pub/rss/us-sport-nba.xml&key=&max=4&links=preserve&submit=Create+Feed: nicht unterstütztes Feed-Format
[2014-04-01 18:18:13] Fehler beim Abholen von http://feeds.tuxgarage.com/TuxGarage: nicht unterstütztes Feed-Format
[2014-04-01 18:18:13] Fehler beim Abholen von http://feeds.vimgolf.com/latest-challenges?format=xml: nicht unterstütztes Feed-Format
[2014-04-01 18:18:13] Fehler beim Abholen von http://vimcasts.org/feeds/ogg: nicht unterstütztes Feed-Format
[2014-04-01 18:18:14] Fehler beim Abholen von http://feeds.bbci.co.uk/news/world/latin_america/rss.xml: nicht unterstütztes Feed-Format
[2014-04-01 18:18:14] Fehler beim Abholen von http://www.markshuttleworth.com/feed: nicht unterstütztes Feed-Format
[2014-04-01 18:18:14] Fehler beim Abholen von http://www.themagpi.com/feed/: nicht unterstütztes Feed-Format
[2014-04-01 18:18:14] Fehler beim Abholen von http://www.linuxjournal.com/node/feed: nicht unterstütztes Feed-Format
[2014-04-01 18:18:14] Fehler beim Abholen von http://www.nba.com/dunkofthenight/rss.xml: nicht unterstütztes Feed-Format
[2014-04-01 18:18:14] Fehler beim Abholen von http://www.nba.com/powerrankings/rss.xml: nicht unterstütztes Feed-Format
[2014-04-01 18:18:14] Fehler beim Abholen von http://www.it-hall.com/feed/: nicht unterstütztes Feed-Format
[2014-04-01 18:18:14] Fehler beim Abholen von http://feeds.ibood.com/ibood/de_de: nicht unterstütztes Feed-Format
[2014-04-01 18:18:14] Fehler beim Abholen von http://www.techdrivein.com/feeds/posts/default: nicht unterstütztes Feed-Format
[2014-04-01 18:18:15] Fehler beim Abholen von http://wsj.com/xml/rss/3_7481.xml: nicht unterstütztes Feed-Format
[2014-04-01 18:18:15] Fehler beim Abholen von http://www.openshotvideo.com/feeds/posts/default: nicht unterstütztes Feed-Format
[2014-04-01 18:18:15] Fehler beim Abholen von http://www.iwillfolo.com/feed/: nicht unterstütztes Feed-Format
[2014-04-01 18:18:15] Fehler beim Abholen von http://blogmaverick.com/feed/: nicht unterstütztes Feed-Format
[2014-04-01 18:18:15] Fehler beim Abholen von http://feeds.feedburner.com/Gimptutorials: nicht unterstütztes Feed-Format
[2014-04-01 18:18:15] Fehler beim Abholen von http://news.de.msn.com/rss_newshome.aspx: nicht unterstütztes Feed-Format
[2014-04-01 18:18:15] Fehler beim Abholen von http://feeds.feedburner.com/techdrivein: nicht unterstütztes Feed-Format
[2014-04-01 18:18:15] Fehler beim Abholen von http://karo-in-der-weiten-welt.jimdo.com/rss/blog: nicht unterstütztes Feed-Format
[2014-04-01 18:18:16] Fehler beim Abholen von http://feeds.feedburner.com/d0od: nicht unterstütztes Feed-Format
[2014-04-01 18:18:16] Fehler beim Abholen von http://sports.yahoo.com/nba/rss.xml: nicht unterstütztes Feed-Format
[2014-04-01 18:18:16] Fehler beim Abholen von http://feeds.feedburner.com/UbuntuTutorials: nicht unterstütztes Feed-Format
[2014-04-01 18:18:16] Fehler beim Abholen von http://feeds.feedburner.com/UbuntuGeek?format=xml: nicht unterstütztes Feed-Format
[2014-04-01 18:18:16] Fehler beim Abholen von http://www.eluniverso.com/rss/ecuador.xml: nicht unterstütztes Feed-Format
[2014-04-01 18:18:16] Fehler beim Abholen von http://feeds.feedburner.com/linuxjournalcom: nicht unterstütztes Feed-Format
[2014-04-01 18:18:16] Fehler beim Abholen von http://feeds.gawker.com/lifehacker/full: nicht unterstütztes Feed-Format
[2014-04-01 18:18:16] Fehler beim Abholen von http://feeds.feedburner.com/usevim: nicht unterstütztes Feed-Format
[2014-04-01 18:18:16] Fehler beim Abholen von http://feeds.feedburner.com/Noobslab: nicht unterstütztes Feed-Format
[2014-04-01 18:18:16] Fehler beim Abholen von http://ws.audioscrobbler.com/2.0/user/S_Bolivar/podcast.rss: nicht unterstütztes Feed-Format
[2014-04-01 18:18:16] Fehler beim Abholen von http://feeds.feedburner.com/unixmenhowtos?format=xml: nicht unterstütztes Feed-Format
[2014-04-01 18:18:16] Fehler beim Abholen von http://feeds2.feedburner.com/mydealz: nicht unterstütztes Feed-Format
[2014-04-01 18:18:17] Fehler beim Abholen von http://feeds.feedburner.com/GimpologyLatest: nicht unterstütztes Feed-Format
[2014-04-01 18:18:17] Fehler beim Abholen von http://feeds.feedburner.com/sparbote-schnaeppchen: nicht unterstütztes Feed-Format
[2014-04-01 18:18:17] Fehler beim Abholen von http://blog.superuser.com/feed/: nicht unterstütztes Feed-Format
[2014-04-01 18:18:17] Fehler beim Abholen von http://feeds.feedburner.com/schnaeppchenfuchs: nicht unterstütztes Feed-Format
[2014-04-01 18:18:17] Fehler beim Abholen von http://afaikblog.wordpress.com/feed/: nicht unterstütztes Feed-Format
[2014-04-01 18:18:17] Fehler beim Abholen von http://feeds.feedburner.com/Netzfeuilleton: nicht unterstütztes Feed-Format
[2014-04-01 18:18:17] Fehler beim Abholen von http://texblog.wordpress.com/feed/: nicht unterstütztes Feed-Format
[2014-04-01 18:18:17] Fehler beim Abholen von http://www.spiegelfechter.com/wordpress/feed/: nicht unterstütztes Feed-Format
[2014-04-01 18:18:17] Fehler beim Abholen von http://liorkaplan.wordpress.com/feed/: nicht unterstütztes Feed-Format
[2014-04-01 18:18:17] Fehler beim Abholen von http://www.mein-wunschpreis.com/rss.php?BrowseNode=elektronikbestpreis: nicht unterstütztes Feed-Format
[2014-04-01 18:18:17] Fehler beim Abholen von http://tuxhausen.wordpress.com/feed/: nicht unterstütztes Feed-Format
[2014-04-01 18:18:18] Fehler beim Abholen von http://alexkrispin.wordpress.com/feed/: nicht unterstütztes Feed-Format
[2014-04-01 18:18:18] Fehler beim Abholen von http://mavsblog.dallasnews.com/atom.xml: nicht unterstütztes Feed-Format
[2014-04-01 18:18:18] Fehler beim Abholen von http://projecthamster.wordpress.com/feed/: nicht unterstütztes Feed-Format
[2014-04-01 18:18:18] Fehler beim Abholen von http://www.reddit.com/r/vimgolf/.rss: nicht unterstütztes Feed-Format
[2014-04-01 18:18:18] Fehler beim Abholen von http://www.reddit.com/message/inbox/.rss: nicht unterstütztes Feed-Format
[2014-04-01 18:18:18] Fehler beim Abholen von http://inkscapetutorials.wordpress.com/feed/: nicht unterstütztes Feed-Format
[2014-04-01 18:18:18] Fehler beim Abholen von http://www.reddit.com/r/all/hot/.rss: nicht unterstütztes Feed-Format
[2014-04-01 18:18:18] Fehler beim Abholen von http://vagubunt.wordpress.com/feed/: nicht unterstütztes Feed-Format
[2014-04-01 18:18:18] Fehler beim Abholen von http://www.handelsblatt.com/contentexport/feed/finanzen/: nicht unterstütztes Feed-Format
[2014-04-01 18:18:18] Fehler beim Abholen von http://udioica.blogspot.com/feeds/posts/default?alt=rss: nicht unterstütztes Feed-Format
[2014-04-01 18:18:19] Fehler beim Abholen von http://www.spox.com/pub/rss/basketball.xml: nicht unterstütztes Feed-Format
[2014-04-01 18:18:19] Fehler beim Abholen von http://elementaryluna.blogspot.com/feeds/posts/default: nicht unterstütztes Feed-Format
[2014-04-01 18:18:19] Fehler beim Abholen von http://gutscheindeal.info/gutschein-anbieter/zalando/feed/: nicht unterstütztes Feed-Format
[2014-04-01 18:18:19] Fehler beim Abholen von http://ldiracdelta.blogspot.com/feeds/posts/default?alt=rss: nicht unterstütztes Feed-Format
[2014-04-01 18:18:19] Fehler beim Abholen von http://www.faz.net/aktuell/wirtschaft/?rssview=1: nicht unterstütztes Feed-Format
[2014-04-01 18:18:19] Fehler beim Abholen von http://ldiracdelta.blogspot.com/feeds/posts/default?alt=rss: nicht unterstütztes Feed-Format
[2014-04-01 18:18:19] Fehler beim Abholen von http://gnuplot-tricks.blogspot.com/feeds/posts/default?alt=rss: nicht unterstütztes Feed-Format
[2014-04-01 18:18:19] Fehler beim Abholen von http://gnuplot-tricks.blogspot.com/feeds/posts/default?alt=rss: nicht unterstütztes Feed-Format
[2014-04-01 18:18:19] Fehler beim Abholen von http://mygeekopinions.blogspot.com/feeds/posts/default: nicht unterstütztes Feed-Format
[2014-04-01 18:18:20] Fehler beim Abholen von http://ubuntu4beginners.blogspot.com/feeds/posts/default: nicht unterstütztes Feed-Format
[2014-04-01 18:18:20] Fehler beim Abholen von http://ramonmirandavisualart.blogspot.com/feeds/posts/default: nicht unterstütztes Feed-Format
[2014-04-01 18:18:20] Fehler beim Abholen von http://askubuntu.com/feeds/question/30334: nicht unterstütztes Feed-Format
[2014-04-01 18:18:20] Fehler beim Abholen von http://blog.fpmurphy.com/feed: nicht unterstütztes Feed-Format
[2014-04-01 18:18:21] Fehler beim Abholen von http://www.ubuntubuzz.com/feeds/posts/default: nicht unterstütztes Feed-Format
[2014-04-01 18:18:21] Fehler beim Abholen von http://www.atareao.es/feed/: nicht unterstütztes Feed-Format
[2014-04-01 18:18:21] Fehler beim Abholen von http://feeds.launchpad.net/~yorba/branches.atom: nicht unterstütztes Feed-Format
[2014-04-01 18:18:21] Fehler beim Abholen von http://feeds.launchpad.net/beat-box/announcements.atom: nicht unterstütztes Feed-Format
[2014-04-01 18:18:21] Fehler beim Abholen von http://feeds.launchpad.net/beat-box/announcements.atom: nicht unterstütztes Feed-Format
[2014-04-01 18:18:21] Fehler beim Abholen von http://ubuntuguide.net/feed: nicht unterstütztes Feed-Format
[2014-04-01 18:18:22] Fehler beim Abholen von http://www.deimeke.net/dirk/blog/index.php?/feeds/index.rss2: nicht unterstütztes Feed-Format
[2014-04-01 18:18:22] Fehler beim Abholen von http://texblog.net/feed/: nicht unterstütztes Feed-Format
[2014-04-01 18:18:22] Fehler beim Abholen von http://www.iloveubuntu.net/rss.xml: nicht unterstütztes Feed-Format
[2014-04-01 18:18:22] Fehler beim Abholen von http://www.cyberciti.biz/faq/feed/?feedburner=false&k=true: nicht unterstütztes Feed-Format
